<?xml version="1.0" encoding="UTF-8"?>
<!-- Generated by org.testng.reporters.JUnitReportReporter -->
<testsuite skipped="0" hostname="DESKTOP-LB11URD" name="org.netBank.testCases.TC_LoginTest_002" tests="6" failures="0" timestamp="2020-08-28T22:15:20 IST" time="45.503" errors="0">
  <testcase name="loginDDT" time="7.582" classname="org.netBank.testCases.TC_LoginTest_002"/>
  <system-out/>
  <testcase name="loginDDT" time="4.383" classname="org.netBank.testCases.TC_LoginTest_002"/>
  <system-out/>
  <testcase name="loginDDT" time="25.130" classname="org.netBank.testCases.TC_LoginTest_002"/>
  <system-out/>
  <testcase name="loginDDT" time="3.071" classname="org.netBank.testCases.TC_LoginTest_002"/>
  <system-out/>
  <testcase name="loginDDT" time="3.113" classname="org.netBank.testCases.TC_LoginTest_002"/>
  <system-out/>
  <testcase name="loginDDT" time="2.224" classname="org.netBank.testCases.TC_LoginTest_002"/>
  <system-out/>
</testsuite> <!-- org.netBank.testCases.TC_LoginTest_002 -->
