<?xml version="1.0" encoding="UTF-8"?>
<!-- Generated by org.testng.reporters.JUnitReportReporter -->
<testsuite skipped="0" hostname="DESKTOP-LB11URD" name="org.netBank.testCases.TC_LoginTest_001" tests="1" failures="0" timestamp="2020-08-29T19:58:49 IST" time="5.429" errors="0">
  <testcase name="loginTest" time="5.429" classname="org.netBank.testCases.TC_LoginTest_001"/>
  <system-out/>
</testsuite> <!-- org.netBank.testCases.TC_LoginTest_001 -->
